{"contracts/RainbowManager.sol":{"l":{"15":29,"16":29,"25":7,"26":5,"27":5,"31":26},"path":"/Users/v-g/Consensys/rainbow-token/packages/contracts/contracts/RainbowManager.sol","s":{"1":29,"2":29,"3":7,"4":5,"5":5,"6":26},"b":{},"f":{"1":29,"2":7,"3":26},"fnMap":{"1":{"name":"constructor","line":10,"loc":{"start":{"line":10,"column":2},"end":{"line":17,"column":2}}},"2":{"name":"claimVictory","line":19,"loc":{"start":{"line":19,"column":2},"end":{"line":28,"column":2}}},"3":{"name":"getGameAddress","line":30,"loc":{"start":{"line":30,"column":2},"end":{"line":32,"column":2}}}},"statementMap":{"1":{"start":{"line":15,"column":4},"end":{"line":15,"column":42}},"2":{"start":{"line":16,"column":4},"end":{"line":16,"column":51}},"3":{"start":{"line":25,"column":4},"end":{"line":25,"column":32}},"4":{"start":{"line":26,"column":4},"end":{"line":26,"column":42}},"5":{"start":{"line":27,"column":4},"end":{"line":27,"column":51}},"6":{"start":{"line":31,"column":4},"end":{"line":31,"column":24}}},"branchMap":{}},"contracts/RainbowToken.sol":{"l":{"41":34,"42":34,"43":34,"44":34,"45":34,"49":19,"50":13,"54":237,"55":229,"59":7,"60":7,"64":229,"68":203,"69":201,"71":199,"81":199,"86":199,"91":199,"92":199,"96":597,"97":311,"99":286,"109":7,"110":7,"111":5,"117":3,"122":1,"123":1,"125":1,"126":1,"129":1,"132":1,"136":1,"145":3,"149":1,"150":1,"153":1,"156":1,"160":1,"173":3,"174":1,"175":1,"183":7,"184":5,"185":5,"195":5,"196":5,"197":5,"199":5,"200":5,"204":1,"208":0,"216":1,"224":23,"225":23,"226":200,"228":23},"path":"/Users/v-g/Consensys/rainbow-token/packages/contracts/contracts/RainbowToken.sol","s":{"1":34,"2":34,"3":34,"4":34,"5":34,"6":19,"7":237,"8":7,"9":229,"10":203,"11":201,"12":199,"13":199,"14":199,"15":199,"16":199,"17":597,"18":311,"19":286,"20":7,"21":7,"22":5,"23":3,"24":1,"25":1,"26":1,"27":1,"28":1,"29":1,"30":1,"31":3,"32":1,"33":1,"34":1,"35":1,"36":1,"37":3,"38":1,"39":1,"40":7,"41":5,"42":5,"43":5,"44":5,"45":5,"46":5,"47":5,"48":1,"49":0,"50":1,"51":23,"52":23,"53":200,"54":23},"b":{"1":[34,0],"2":[34,0],"3":[13,6],"4":[229,8],"5":[7,0],"6":[201,2],"7":[199,2],"8":[311,286],"9":[5,2],"10":[3,2],"11":[1,2],"12":[1,0],"13":[1,2],"14":[1,2],"15":[5,2],"16":[5,0],"17":[5,0]},"f":{"1":34,"2":19,"3":237,"4":7,"5":229,"6":203,"7":597,"8":7,"9":3,"10":3,"11":7,"12":1,"13":0,"14":1,"15":23},"fnMap":{"1":{"name":"constructor","line":35,"loc":{"start":{"line":35,"column":2},"end":{"line":46,"column":2}}},"2":{"name":"onlyPlayer","line":48,"loc":{"start":{"line":48,"column":2},"end":{"line":51,"column":2}}},"3":{"name":"gameInProgress","line":53,"loc":{"start":{"line":53,"column":2},"end":{"line":56,"column":2}}},"4":{"name":"onlyManager","line":58,"loc":{"start":{"line":58,"column":2},"end":{"line":61,"column":2}}},"5":{"name":"isPlayer","line":63,"loc":{"start":{"line":63,"column":2},"end":{"line":65,"column":2}}},"6":{"name":"joinGame","line":67,"loc":{"start":{"line":67,"column":2},"end":{"line":93,"column":2}}},"7":{"name":"toPrimary","line":95,"loc":{"start":{"line":95,"column":2},"end":{"line":101,"column":2}}},"8":{"name":"blend","line":108,"loc":{"start":{"line":103,"column":2},"end":{"line":142,"column":2}}},"9":{"name":"selfBlend","line":144,"loc":{"start":{"line":144,"column":2},"end":{"line":166,"column":2}}},"10":{"name":"setBlendingPrice","line":171,"loc":{"start":{"line":168,"column":2},"end":{"line":176,"column":2}}},"11":{"name":"claimVictory","line":181,"loc":{"start":{"line":178,"column":2},"end":{"line":201,"column":2}}},"12":{"name":"getPlayerList","line":203,"loc":{"start":{"line":203,"column":2},"end":{"line":205,"column":2}}},"13":{"name":"getTargetColor","line":207,"loc":{"start":{"line":207,"column":2},"end":{"line":209,"column":2}}},"14":{"name":"getPlayer","line":211,"loc":{"start":{"line":211,"column":2},"end":{"line":217,"column":2}}},"15":{"name":"getPlayers","line":219,"loc":{"start":{"line":219,"column":2},"end":{"line":229,"column":2}}}},"statementMap":{"1":{"start":{"line":41,"column":4},"end":{"line":41,"column":68}},"2":{"start":{"line":42,"column":4},"end":{"line":42,"column":70}},"3":{"start":{"line":43,"column":4},"end":{"line":43,"column":45}},"4":{"start":{"line":44,"column":4},"end":{"line":44,"column":23}},"5":{"start":{"line":45,"column":4},"end":{"line":45,"column":21}},"6":{"start":{"line":49,"column":4},"end":{"line":49,"column":58}},"7":{"start":{"line":54,"column":4},"end":{"line":54,"column":41}},"8":{"start":{"line":59,"column":4},"end":{"line":59,"column":71}},"9":{"start":{"line":64,"column":4},"end":{"line":64,"column":51}},"10":{"start":{"line":68,"column":4},"end":{"line":68,"column":63}},"11":{"start":{"line":69,"column":4},"end":{"line":69,"column":77}},"12":{"start":{"line":71,"column":4},"end":{"line":71,"column":1742}},"13":{"start":{"line":81,"column":4},"end":{"line":81,"column":1938}},"14":{"start":{"line":86,"column":4},"end":{"line":86,"column":2128}},"15":{"start":{"line":91,"column":4},"end":{"line":91,"column":30}},"16":{"start":{"line":92,"column":4},"end":{"line":92,"column":60}},"17":{"start":{"line":96,"column":4},"end":{"line":96,"column":2438}},"18":{"start":{"line":97,"column":6},"end":{"line":97,"column":16}},"19":{"start":{"line":99,"column":6},"end":{"line":99,"column":14}},"20":{"start":{"line":109,"column":4},"end":{"line":109,"column":54}},"21":{"start":{"line":110,"column":4},"end":{"line":110,"column":75}},"22":{"start":{"line":111,"column":4},"end":{"line":111,"column":2812}},"23":{"start":{"line":117,"column":4},"end":{"line":117,"column":3016}},"24":{"start":{"line":122,"column":4},"end":{"line":122,"column":64}},"25":{"start":{"line":123,"column":4},"end":{"line":123,"column":41}},"26":{"start":{"line":125,"column":4},"end":{"line":125,"column":54}},"27":{"start":{"line":126,"column":4},"end":{"line":126,"column":3290}},"28":{"start":{"line":129,"column":4},"end":{"line":129,"column":3404}},"29":{"start":{"line":132,"column":4},"end":{"line":132,"column":3518}},"30":{"start":{"line":136,"column":4},"end":{"line":136,"column":3634}},"31":{"start":{"line":145,"column":4},"end":{"line":145,"column":3835}},"32":{"start":{"line":149,"column":4},"end":{"line":149,"column":54}},"33":{"start":{"line":150,"column":4},"end":{"line":150,"column":3993}},"34":{"start":{"line":153,"column":4},"end":{"line":153,"column":4116}},"35":{"start":{"line":156,"column":4},"end":{"line":156,"column":4239}},"36":{"start":{"line":160,"column":4},"end":{"line":160,"column":4364}},"37":{"start":{"line":173,"column":4},"end":{"line":173,"column":72}},"38":{"start":{"line":174,"column":4},"end":{"line":174,"column":55}},"39":{"start":{"line":175,"column":4},"end":{"line":175,"column":59}},"40":{"start":{"line":183,"column":4},"end":{"line":183,"column":77}},"41":{"start":{"line":184,"column":4},"end":{"line":184,"column":49}},"42":{"start":{"line":185,"column":4},"end":{"line":185,"column":5031}},"43":{"start":{"line":195,"column":4},"end":{"line":195,"column":43}},"44":{"start":{"line":196,"column":4},"end":{"line":196,"column":74}},"45":{"start":{"line":197,"column":4},"end":{"line":197,"column":41}},"46":{"start":{"line":199,"column":4},"end":{"line":199,"column":18}},"47":{"start":{"line":200,"column":4},"end":{"line":200,"column":32}},"48":{"start":{"line":204,"column":4},"end":{"line":204,"column":21}},"49":{"start":{"line":208,"column":4},"end":{"line":208,"column":17}},"50":{"start":{"line":216,"column":4},"end":{"line":216,"column":33}},"51":{"start":{"line":224,"column":4},"end":{"line":224,"column":74}},"52":{"start":{"line":225,"column":4},"end":{"line":225,"column":6062}},"53":{"start":{"line":226,"column":6},"end":{"line":226,"column":53}},"54":{"start":{"line":228,"column":4},"end":{"line":228,"column":26}}},"branchMap":{"1":{"line":41,"type":"if","locations":[{"start":{"line":41,"column":4},"end":{"line":41,"column":4}},{"start":{"line":41,"column":4},"end":{"line":41,"column":4}}]},"2":{"line":42,"type":"if","locations":[{"start":{"line":42,"column":4},"end":{"line":42,"column":4}},{"start":{"line":42,"column":4},"end":{"line":42,"column":4}}]},"3":{"line":49,"type":"if","locations":[{"start":{"line":49,"column":4},"end":{"line":49,"column":4}},{"start":{"line":49,"column":4},"end":{"line":49,"column":4}}]},"4":{"line":54,"type":"if","locations":[{"start":{"line":54,"column":4},"end":{"line":54,"column":4}},{"start":{"line":54,"column":4},"end":{"line":54,"column":4}}]},"5":{"line":59,"type":"if","locations":[{"start":{"line":59,"column":4},"end":{"line":59,"column":4}},{"start":{"line":59,"column":4},"end":{"line":59,"column":4}}]},"6":{"line":68,"type":"if","locations":[{"start":{"line":68,"column":4},"end":{"line":68,"column":4}},{"start":{"line":68,"column":4},"end":{"line":68,"column":4}}]},"7":{"line":69,"type":"if","locations":[{"start":{"line":69,"column":4},"end":{"line":69,"column":4}},{"start":{"line":69,"column":4},"end":{"line":69,"column":4}}]},"8":{"line":96,"type":"if","locations":[{"start":{"line":96,"column":4},"end":{"line":96,"column":4}},{"start":{"line":96,"column":4},"end":{"line":96,"column":4}}]},"9":{"line":110,"type":"if","locations":[{"start":{"line":110,"column":4},"end":{"line":110,"column":4}},{"start":{"line":110,"column":4},"end":{"line":110,"column":4}}]},"10":{"line":111,"type":"if","locations":[{"start":{"line":111,"column":4},"end":{"line":111,"column":4}},{"start":{"line":111,"column":4},"end":{"line":111,"column":4}}]},"11":{"line":117,"type":"if","locations":[{"start":{"line":117,"column":4},"end":{"line":117,"column":4}},{"start":{"line":117,"column":4},"end":{"line":117,"column":4}}]},"12":{"line":123,"type":"if","locations":[{"start":{"line":123,"column":4},"end":{"line":123,"column":4}},{"start":{"line":123,"column":4},"end":{"line":123,"column":4}}]},"13":{"line":145,"type":"if","locations":[{"start":{"line":145,"column":4},"end":{"line":145,"column":4}},{"start":{"line":145,"column":4},"end":{"line":145,"column":4}}]},"14":{"line":173,"type":"if","locations":[{"start":{"line":173,"column":4},"end":{"line":173,"column":4}},{"start":{"line":173,"column":4},"end":{"line":173,"column":4}}]},"15":{"line":183,"type":"if","locations":[{"start":{"line":183,"column":4},"end":{"line":183,"column":4}},{"start":{"line":183,"column":4},"end":{"line":183,"column":4}}]},"16":{"line":185,"type":"if","locations":[{"start":{"line":185,"column":4},"end":{"line":185,"column":4}},{"start":{"line":185,"column":4},"end":{"line":185,"column":4}}]},"17":{"line":197,"type":"if","locations":[{"start":{"line":197,"column":4},"end":{"line":197,"column":4}},{"start":{"line":197,"column":4},"end":{"line":197,"column":4}}]}}}}